Log file open, 10/24/16 21:10:09
LogInit:Display: Running engine for game: Hevahelos
LogPlatformFile: Not using cached read wrapper
LogInit:Display: RandInit(-389305890) SRandInit(-389305890).
LogTaskGraph: Started task graph with 5 named threads and 10 total threads with 1 sets of task threads.
LogStats: Stats thread started at 0.105691
LogPluginManager: Loaded Plugin Paper2D, From C:/Program Files (x86)/Epic Games/4.13/Engine/Plugins/2D/Paper2D/Paper2D.uplugin
LogPluginManager: Loaded Plugin LightPropagationVolume, From C:/Program Files (x86)/Epic Games/4.13/Engine/Plugins/Blendables/LightPropagationVolume/LightPropagationVolume.uplugin
LogPluginManager: Loaded Plugin BlankPlugin, From C:/Program Files (x86)/Epic Games/4.13/Engine/Plugins/Developer/BlankPlugin/BlankPlugin.uplugin
LogPluginManager: Loaded Plugin CodeLiteSourceCodeAccess, From C:/Program Files (x86)/Epic Games/4.13/Engine/Plugins/Developer/CodeLiteSourceCodeAccess/CodeLiteSourceCodeAccess.uplugin
LogPluginManager: Loaded Plugin GitSourceControl, From C:/Program Files (x86)/Epic Games/4.13/Engine/Plugins/Developer/GitSourceControl/GitSourceControl.uplugin
LogPluginManager: Loaded Plugin KDevelopSourceCodeAccess, From C:/Program Files (x86)/Epic Games/4.13/Engine/Plugins/Developer/KDevelopSourceCodeAccess/KDevelopSourceCodeAccess.uplugin
LogPluginManager: Loaded Plugin NullSourceCodeAccess, From C:/Program Files (x86)/Epic Games/4.13/Engine/Plugins/Developer/NullSourceCodeAccess/NullSourceCodeAccess.uplugin
LogPluginManager: Loaded Plugin OneSkyLocalizationService, From C:/Program Files (x86)/Epic Games/4.13/Engine/Plugins/Developer/OneSkyLocalizationService/OneSkyLocalizationService.uplugin
LogPluginManager: Loaded Plugin PerforceSourceControl, From C:/Program Files (x86)/Epic Games/4.13/Engine/Plugins/Developer/PerforceSourceControl/PerforceSourceControl.uplugin
LogPluginManager: Loaded Plugin SubversionSourceControl, From C:/Program Files (x86)/Epic Games/4.13/Engine/Plugins/Developer/SubversionSourceControl/SubversionSourceControl.uplugin
LogPluginManager: Loaded Plugin UObjectPlugin, From C:/Program Files (x86)/Epic Games/4.13/Engine/Plugins/Developer/UObjectPlugin/UObjectPlugin.uplugin
LogPluginManager: Loaded Plugin VisualStudioSourceCodeAccess, From C:/Program Files (x86)/Epic Games/4.13/Engine/Plugins/Developer/VisualStudioSourceCodeAccess/VisualStudioSourceCodeAccess.uplugin
LogPluginManager: Loaded Plugin XCodeSourceCodeAccess, From C:/Program Files (x86)/Epic Games/4.13/Engine/Plugins/Developer/XCodeSourceCodeAccess/XCodeSourceCodeAccess.uplugin
LogPluginManager: Loaded Plugin EpicSurvey, From C:/Program Files (x86)/Epic Games/4.13/Engine/Plugins/Editor/EpicSurvey/EpicSurvey.uplugin
LogPluginManager: Loaded Plugin MacGraphicsSwitching, From C:/Program Files (x86)/Epic Games/4.13/Engine/Plugins/Editor/MacGraphicsSwitching/MacGraphicsSwitching.uplugin
LogPluginManager: Loaded Plugin MobileLauncherProfileWizard, From C:/Program Files (x86)/Epic Games/4.13/Engine/Plugins/Editor/MobileLauncherProfileWizard/MobileLauncherProfileWizard.uplugin
LogPluginManager: Loaded Plugin PluginBrowser, From C:/Program Files (x86)/Epic Games/4.13/Engine/Plugins/Editor/PluginBrowser/PluginBrowser.uplugin
LogPluginManager: Loaded Plugin SpeedTreeImporter, From C:/Program Files (x86)/Epic Games/4.13/Engine/Plugins/Editor/SpeedTreeImporter/SpeedTreeImporter.uplugin
LogPluginManager: Loaded Plugin SuperSearchEditor, From C:/Program Files (x86)/Epic Games/4.13/Engine/Plugins/Editor/SuperSearchEditor/SuperSearchEditor.uplugin
LogPluginManager: Loaded Plugin AlembicImporter, From C:/Program Files (x86)/Epic Games/4.13/Engine/Plugins/Experimental/AlembicImporter/AlembicImporter.uplugin
LogPluginManager: Loaded Plugin BlueprintStats, From C:/Program Files (x86)/Epic Games/4.13/Engine/Plugins/Experimental/BlueprintStats/BlueprintStats.uplugin
LogPluginManager: Loaded Plugin CharacterAI, From C:/Program Files (x86)/Epic Games/4.13/Engine/Plugins/Experimental/CharacterAI/CharacterAI.uplugin
LogPluginManager: Loaded Plugin CodeEditor, From C:/Program Files (x86)/Epic Games/4.13/Engine/Plugins/Experimental/CodeEditor/CodeEditor.uplugin
LogPluginManager: Loaded Plugin CodeView, From C:/Program Files (x86)/Epic Games/4.13/Engine/Plugins/Experimental/CodeView/CodeView.uplugin
LogPluginManager: Loaded Plugin HTML5Networking, From C:/Program Files (x86)/Epic Games/4.13/Engine/Plugins/Experimental/HTML5Networking/HTML5Networking.uplugin
LogPluginManager: Loaded Plugin LiveEditor, From C:/Program Files (x86)/Epic Games/4.13/Engine/Plugins/Experimental/LiveEditor/LiveEditor.uplugin
LogPluginManager: Loaded Plugin OSVR, From C:/Program Files (x86)/Epic Games/4.13/Engine/Plugins/Experimental/OSVR/OSVR.uplugin
LogPluginManager: Loaded Plugin Phya, From C:/Program Files (x86)/Epic Games/4.13/Engine/Plugins/Experimental/Phya/Phya.uplugin
LogPluginManager: Loaded Plugin SignificanceManager, From C:/Program Files (x86)/Epic Games/4.13/Engine/Plugins/Experimental/SignificanceManager/SignificanceManager.uplugin
LogPluginManager: Loaded Plugin SimpleHMD, From C:/Program Files (x86)/Epic Games/4.13/Engine/Plugins/Experimental/SimpleHMD/SimpleHMD.uplugin
LogPluginManager: Loaded Plugin StereoPanorama, From C:/Program Files (x86)/Epic Games/4.13/Engine/Plugins/Experimental/StereoPanorama/StereoPanorama.uplugin
LogPluginManager: Loaded Plugin StructBox, From C:/Program Files (x86)/Epic Games/4.13/Engine/Plugins/Experimental/StructBox/StructBox.uplugin
LogPluginManager: Loaded Plugin Substance, From C:/Program Files (x86)/Epic Games/4.13/Engine/Plugins/Marketplace/Substance/Substance.uplugin
LogPluginManager: Loaded Plugin AndroidMedia, From C:/Program Files (x86)/Epic Games/4.13/Engine/Plugins/Media/AndroidMedia/AndroidMedia.uplugin
LogPluginManager: Loaded Plugin AvfMedia, From C:/Program Files (x86)/Epic Games/4.13/Engine/Plugins/Media/AvfMedia/AvfMedia.uplugin
LogPluginManager: Loaded Plugin MediaPlayerEditor, From C:/Program Files (x86)/Epic Games/4.13/Engine/Plugins/Media/MediaPlayerEditor/MediaPlayerEditor.uplugin
LogPluginManager: Loaded Plugin WmfMedia, From C:/Program Files (x86)/Epic Games/4.13/Engine/Plugins/Media/WmfMedia/WmfMedia.uplugin
LogPluginManager: Loaded Plugin MessagingDebugger, From C:/Program Files (x86)/Epic Games/4.13/Engine/Plugins/Messaging/MessagingDebugger/MessagingDebugger.uplugin
LogPluginManager: Loaded Plugin TcpMessaging, From C:/Program Files (x86)/Epic Games/4.13/Engine/Plugins/Messaging/TcpMessaging/TcpMessaging.uplugin
LogPluginManager: Loaded Plugin UdpMessaging, From C:/Program Files (x86)/Epic Games/4.13/Engine/Plugins/Messaging/UdpMessaging/UdpMessaging.uplugin
LogPluginManager: Loaded Plugin LevelSequenceEditor, From C:/Program Files (x86)/Epic Games/4.13/Engine/Plugins/MovieScene/LevelSequenceEditor/LevelSequenceEditor.uplugin
LogPluginManager: Loaded Plugin MatineeToLevelSequence, From C:/Program Files (x86)/Epic Games/4.13/Engine/Plugins/MovieScene/MatineeToLevelSequence/MatineeToLevelSequence.uplugin
LogPluginManager: Loaded Plugin NetcodeUnitTest, From C:/Program Files (x86)/Epic Games/4.13/Engine/Plugins/NetcodeUnitTest/NetcodeUnitTest/NetcodeUnitTest.uplugin
LogPluginManager: Loaded Plugin NUTUnrealEngine4, From C:/Program Files (x86)/Epic Games/4.13/Engine/Plugins/NetcodeUnitTest/NUTUnrealEngine4/NUTUnrealEngine4.uplugin
LogPluginManager: Loaded Plugin OnlineSubsystemGooglePlay, From C:/Program Files (x86)/Epic Games/4.13/Engine/Plugins/Online/Android/OnlineSubsystemGooglePlay/OnlineSubsystemGooglePlay.uplugin
LogPluginManager: Loaded Plugin OnlineSubsystemIOS, From C:/Program Files (x86)/Epic Games/4.13/Engine/Plugins/Online/IOS/OnlineSubsystemIOS/OnlineSubsystemIOS.uplugin
LogPluginManager: Loaded Plugin OnlineFramework, From C:/Program Files (x86)/Epic Games/4.13/Engine/Plugins/Online/OnlineFramework/OnlineFramework.uplugin
LogPluginManager: Loaded Plugin OnlineSubsystem, From C:/Program Files (x86)/Epic Games/4.13/Engine/Plugins/Online/OnlineSubsystem/OnlineSubsystem.uplugin
LogPluginManager: Loaded Plugin OnlineSubsystemAmazon, From C:/Program Files (x86)/Epic Games/4.13/Engine/Plugins/Online/OnlineSubsystemAmazon/OnlineSubsystemAmazon.uplugin
LogPluginManager: Loaded Plugin OnlineSubsystemFacebook, From C:/Program Files (x86)/Epic Games/4.13/Engine/Plugins/Online/OnlineSubsystemFacebook/OnlineSubsystemFacebook.uplugin
LogPluginManager: Loaded Plugin OnlineSubsystemNull, From C:/Program Files (x86)/Epic Games/4.13/Engine/Plugins/Online/OnlineSubsystemNull/OnlineSubsystemNull.uplugin
LogPluginManager: Loaded Plugin OnlineSubsystemOculus, From C:/Program Files (x86)/Epic Games/4.13/Engine/Plugins/Online/OnlineSubsystemOculus/OnlineSubsystemOculus.uplugin
LogPluginManager: Loaded Plugin OnlineSubsystemSteam, From C:/Program Files (x86)/Epic Games/4.13/Engine/Plugins/Online/OnlineSubsystemSteam/OnlineSubsystemSteam.uplugin
LogPluginManager: Loaded Plugin OnlineSubsystemUtils, From C:/Program Files (x86)/Epic Games/4.13/Engine/Plugins/Online/OnlineSubsystemUtils/OnlineSubsystemUtils.uplugin
LogPluginManager: Loaded Plugin IOSTapJoy, From C:/Program Files (x86)/Epic Games/4.13/Engine/Plugins/Runtime/Advertising/IOSTapJoy/IOSTapJoy.uplugin
LogPluginManager: Loaded Plugin AnalyticsBlueprintLibrary, From C:/Program Files (x86)/Epic Games/4.13/Engine/Plugins/Runtime/Analytics/AnalyticsBlueprintLibrary/AnalyticsBlueprintLibrary.uplugin
LogPluginManager: Loaded Plugin AnalyticsMulticast, From C:/Program Files (x86)/Epic Games/4.13/Engine/Plugins/Runtime/Analytics/AnalyticsMulticast/AnalyticsMulticast.uplugin
LogPluginManager: Loaded Plugin Apsalar, From C:/Program Files (x86)/Epic Games/4.13/Engine/Plugins/Runtime/Analytics/Apsalar/Apsalar.uplugin
LogPluginManager: Loaded Plugin FileLogging, From C:/Program Files (x86)/Epic Games/4.13/Engine/Plugins/Runtime/Analytics/FileLogging/FileLogging.uplugin
LogPluginManager: Loaded Plugin Flurry, From C:/Program Files (x86)/Epic Games/4.13/Engine/Plugins/Runtime/Analytics/Flurry/Flurry.uplugin
LogPluginManager: Loaded Plugin AndroidDeviceProfileSelector, From C:/Program Files (x86)/Epic Games/4.13/Engine/Plugins/Runtime/AndroidDeviceProfileSelector/AndroidDeviceProfileSelector.uplugin
LogPluginManager: Loaded Plugin AndroidMoviePlayer, From C:/Program Files (x86)/Epic Games/4.13/Engine/Plugins/Runtime/AndroidMoviePlayer/AndroidMoviePlayer.uplugin
LogPluginManager: Loaded Plugin AppleMoviePlayer, From C:/Program Files (x86)/Epic Games/4.13/Engine/Plugins/Runtime/AppleMoviePlayer/AppleMoviePlayer.uplugin
LogPluginManager: Loaded Plugin ArchVisCharacter, From C:/Program Files (x86)/Epic Games/4.13/Engine/Plugins/Runtime/ArchVisCharacter/ArchVisCharacter.uplugin
LogPluginManager: Loaded Plugin CableComponent, From C:/Program Files (x86)/Epic Games/4.13/Engine/Plugins/Runtime/CableComponent/CableComponent.uplugin
LogPluginManager: Loaded Plugin CustomMeshComponent, From C:/Program Files (x86)/Epic Games/4.13/Engine/Plugins/Runtime/CustomMeshComponent/CustomMeshComponent.uplugin
LogPluginManager: Loaded Plugin ExampleDeviceProfileSelector, From C:/Program Files (x86)/Epic Games/4.13/Engine/Plugins/Runtime/ExampleDeviceProfileSelector/ExampleDeviceProfileSelector.uplugin
LogPluginManager: Loaded Plugin GearVR, From C:/Program Files (x86)/Epic Games/4.13/Engine/Plugins/Runtime/GearVR/GearVR.uplugin
LogPluginManager: Loaded Plugin GoogleVRController, From C:/Program Files (x86)/Epic Games/4.13/Engine/Plugins/Runtime/GoogleVR/GoogleVRController/GoogleVRController.uplugin
LogPluginManager: Loaded Plugin GoogleVRHMD, From C:/Program Files (x86)/Epic Games/4.13/Engine/Plugins/Runtime/GoogleVR/GoogleVRHMD/GoogleVRHMD.uplugin
LogPluginManager: Loaded Plugin IOSDeviceProfileSelector, From C:/Program Files (x86)/Epic Games/4.13/Engine/Plugins/Runtime/IOSDeviceProfileSelector/IOSDeviceProfileSelector.uplugin
LogPluginManager: Loaded Plugin LeapMotion, From C:/Program Files (x86)/Epic Games/4.13/Engine/Plugins/Runtime/LeapMotion/LeapMotion.uplugin
LogPluginManager: Loaded Plugin LinuxDeviceProfileSelector, From C:/Program Files (x86)/Epic Games/4.13/Engine/Plugins/Runtime/LinuxDeviceProfileSelector/LinuxDeviceProfileSelector.uplugin
LogPluginManager: Loaded Plugin LiveEditorListenServer, From C:/Program Files (x86)/Epic Games/4.13/Engine/Plugins/Runtime/LiveEditorListenServer/LiveEditorListenServer.uplugin
LogPluginManager: Loaded Plugin OculusAudio, From C:/Program Files (x86)/Epic Games/4.13/Engine/Plugins/Runtime/OculusAudio/OculusAudio.uplugin
LogPluginManager: Loaded Plugin OculusInput, From C:/Program Files (x86)/Epic Games/4.13/Engine/Plugins/Runtime/OculusInput/OculusInput.uplugin
LogPluginManager: Loaded Plugin OculusLibrary, From C:/Program Files (x86)/Epic Games/4.13/Engine/Plugins/Runtime/OculusLibrary/OculusLibrary.uplugin
LogPluginManager: Loaded Plugin OculusRift, From C:/Program Files (x86)/Epic Games/4.13/Engine/Plugins/Runtime/OculusRift/OculusRift.uplugin
LogPluginManager: Loaded Plugin Oodle, From C:/Program Files (x86)/Epic Games/4.13/Engine/Plugins/Runtime/PacketHandlers/CompressionComponents/Oodle/Oodle.uplugin
LogPluginManager: Loaded Plugin ProceduralMeshComponent, From C:/Program Files (x86)/Epic Games/4.13/Engine/Plugins/Runtime/ProceduralMeshComponent/ProceduralMeshComponent.uplugin
LogPluginManager: Loaded Plugin SoundMod, From C:/Program Files (x86)/Epic Games/4.13/Engine/Plugins/Runtime/SoundMod/SoundMod.uplugin
LogPluginManager: Loaded Plugin SoundVisualizations, From C:/Program Files (x86)/Epic Games/4.13/Engine/Plugins/Runtime/SoundVisualizations/SoundVisualizations.uplugin
LogPluginManager: Loaded Plugin SteamController, From C:/Program Files (x86)/Epic Games/4.13/Engine/Plugins/Runtime/Steam/SteamController/SteamController.uplugin
LogPluginManager: Loaded Plugin SteamVR, From C:/Program Files (x86)/Epic Games/4.13/Engine/Plugins/Runtime/Steam/SteamVR/SteamVR.uplugin
LogPluginManager: Loaded Plugin WebBrowserWidget, From C:/Program Files (x86)/Epic Games/4.13/Engine/Plugins/Runtime/WebBrowserWidget/WebBrowserWidget.uplugin
LogPluginManager: Loaded Plugin WindowsDeviceProfileSelector, From C:/Program Files (x86)/Epic Games/4.13/Engine/Plugins/Runtime/WindowsDeviceProfileSelector/WindowsDeviceProfileSelector.uplugin
LogPluginManager: Loaded Plugin WindowsMoviePlayer, From C:/Program Files (x86)/Epic Games/4.13/Engine/Plugins/Runtime/WindowsMoviePlayer/WindowsMoviePlayer.uplugin
LogPluginManager: Loaded Plugin ScriptPlugin, From C:/Program Files (x86)/Epic Games/4.13/Engine/Plugins/ScriptPlugin/ScriptPlugin.uplugin
LogPluginManager: Loaded Plugin SlateRemote, From C:/Program Files (x86)/Epic Games/4.13/Engine/Plugins/Slate/SlateRemote/SlateRemote.uplugin
LogInit: Build: ++UE4+Release-4.13-CL-3142249
LogInit: Engine Version: 4.13.1-3142249+++UE4+Release-4.13
LogInit: Compatible Engine Version: 4.13.0-3106830+++UE4+Release-4.13
LogInit: Net CL: 3142249
LogDevObjectVersion: Number of dev versions registered: 13
LogDevObjectVersion:   Dev-Blueprints (B0D832E4-1F89-4F0D-ACCF-7EB736FD4AA2): 5
LogDevObjectVersion:   Dev-Build (E1C64328-A22C-4D53-A36C-8E866417BD8C): 0
LogDevObjectVersion:   Dev-Core (375EC13C-06E4-48FB-B500-84F0262A717E): 1
LogDevObjectVersion:   Dev-Editor (E4B068ED-F494-42E9-A231-DA0B2E46BB41): 6
LogDevObjectVersion:   Dev-Framework (CFFC743F-43B0-4480-9391-14DF171D2073): 12
LogDevObjectVersion:   Dev-Mobile (B02B49B5-BB20-44E9-A304-32B752E40360): 0
LogDevObjectVersion:   Dev-Networking (A4E4105C-59A1-49B5-A7C5-40C4547EDFEE): 0
LogDevObjectVersion:   Dev-Online (39C831C9-5AE6-47DC-9A44-9C173E1C8E7C): 0
LogDevObjectVersion:   Dev-Physics (78F01B33-EBEA-4F98-B9B4-84EACCB95AA2): 0
LogDevObjectVersion:   Dev-Platform (6631380F-2D4D-43E0-8009-CF276956A95A): 0
LogDevObjectVersion:   Dev-Rendering (12F88B9F-8875-4AFC-A67C-D90C383ABD29): 4
LogDevObjectVersion:   Dev-Sequencer (7B5AE74C-D270-4C10-A958-57980B212A5A): 0
LogDevObjectVersion:   Dev-VR (D7296918-1DD6-4BDD-9DE2-64A83CC13884): 0
LogInit: Compiled (64-bit): Sep 28 2016 02:12:12
LogInit: Compiled with Visual C++: 19.00.23026.00
LogInit: Build Configuration: Development
LogInit: Branch Name: ++UE4+Release-4.13
LogInit: Command line: -EpicPortal  -HTTP=WinInet
LogInit: Base directory: C:/Program Files (x86)/Epic Games/4.13/Engine/Binaries/Win64/
LogInit: Installed Engine Build: 1
LogInit: Presizing for max 8388607 objects, including 0 objects not considered by GC, pre-allocating 0 bytes for permanent pool.
LogInit: Object subsystem initialized
[2016.10.25-04.10.10:058][  0]LogInit: Selected Device Profile: [Windows]
[2016.10.25-04.10.10:058][  0]LogInit: Applying CVar settings loaded from the selected device profile: [Windows]
[2016.10.25-04.10.10:068][  0]LogInit: Computer: COMPUTER-PC
[2016.10.25-04.10.10:068][  0]LogInit: User: Computer
[2016.10.25-04.10.10:068][  0]LogInit: CPU Page size=65536, Cores=6
[2016.10.25-04.10.10:068][  0]LogInit: High frequency timer resolution =3.517710 MHz
[2016.10.25-04.10.10:069][  0]LogMemory: Memory total: Physical=47.9GB (48GB approx)
[2016.10.25-04.10.10:069][  0]LogMemory: Platform Memory Stats for Windows
[2016.10.25-04.10.10:069][  0]LogMemory: Process Physical Memory: 258.53 MB used, 258.53 MB peak
[2016.10.25-04.10.10:069][  0]LogMemory: Process Virtual Memory: 261.45 MB used, 261.45 MB peak
[2016.10.25-04.10.10:069][  0]LogMemory: Physical Memory: 11419.36 MB used, 49090.87 MB total
[2016.10.25-04.10.10:069][  0]LogMemory: Virtual Memory: 624.34 MB used, 134217728.00 MB total
[2016.10.25-04.10.10:104][  0]LogTextLocalizationManager: No specific translations for ('en-US') exist, so ('en') translations will be used.
[2016.10.25-04.10.10:772][  0]LogD3D11RHI: D3D11 adapters:
[2016.10.25-04.10.11:353][  0]LogD3D11RHI:    0. 'NVIDIA GeForce GTX 980' (Feature Level 11_0)
[2016.10.25-04.10.11:353][  0]LogD3D11RHI:       4060/0/24545 MB DedicatedVideo/DedicatedSystem/SharedSystem, Outputs:1, VendorId:0x10de
[2016.10.25-04.10.11:355][  0]LogD3D11RHI:    1. 'Microsoft Basic Render Driver' (Feature Level 11_0)
[2016.10.25-04.10.11:355][  0]LogD3D11RHI:       0/0/24545 MB DedicatedVideo/DedicatedSystem/SharedSystem, Outputs:0, VendorId:0x1414
[2016.10.25-04.10.11:355][  0]LogD3D11RHI: Chosen D3D11 Adapter: 0
[2016.10.25-04.10.11:416][  0]LogD3D11RHI: Creating new Direct3DDevice
[2016.10.25-04.10.11:416][  0]LogD3D11RHI:     GPU DeviceId: 0x13c0 (for the marketing name, search the web for "GPU Device Id")
[2016.10.25-04.10.11:416][  0]LogWindows: EnumDisplayDevices:
[2016.10.25-04.10.11:416][  0]LogWindows:    0. 'NVIDIA GeForce GTX 980' (P:1 D:1)
[2016.10.25-04.10.11:416][  0]LogWindows:    1. 'NVIDIA GeForce GTX 980' (P:0 D:0)
[2016.10.25-04.10.11:417][  0]LogWindows:    2. 'NVIDIA GeForce GTX 980' (P:0 D:0)
[2016.10.25-04.10.11:417][  0]LogWindows:    3. 'NVIDIA GeForce GTX 980' (P:0 D:0)
[2016.10.25-04.10.11:417][  0]LogWindows: DebugString: FoundDriverCount:4 
[2016.10.25-04.10.11:417][  0]LogD3D11RHI:     Adapter Name: NVIDIA GeForce GTX 980
[2016.10.25-04.10.11:417][  0]LogD3D11RHI:   Driver Version: 373.06 (internal:21.21.13.7306, unified:373.06)
[2016.10.25-04.10.11:417][  0]LogD3D11RHI:      Driver Date: 10-1-2016
[2016.10.25-04.10.11:417][  0]LogRHI: Texture pool is 1361 MB (70% of 1945 MB)
[2016.10.25-04.10.11:969][  0]LogD3D11RHI: Async texture creation enabled
[2016.10.25-04.10.12:016][  0]LogD3D11RHI: GPU Timing Frequency: 1000.000000 (Debug: 2 1)
[2016.10.25-04.10.12:016][  0]LogShaderCompilers: Guid format shader working directory is 25 characters bigger than the processId version (E:/Hevahelos/Hevahelos/Intermediate/Shaders/WorkingDirectory/189112/).
[2016.10.25-04.10.12:017][  0]LogShaderCompilers: Cleaned the shader compiler working directory 'C:/Users/Computer/AppData/Local/Temp/UnrealShaderWorkingDir/ED96326E40496BDD7625B3A29B812733/'.
[2016.10.25-04.10.12:017][  0]LogShaderCompilers:Display: Using Local Shader Compiler.
[2016.10.25-04.10.13:039][  0]LogTemp:Display: Loaded TP AllDesktopTargetPlatform
[2016.10.25-04.10.13:048][  0]LogTemp:Display: Loaded TP WindowsClientTargetPlatform
[2016.10.25-04.10.13:057][  0]LogTemp:Display: Loaded TP WindowsNoEditorTargetPlatform
[2016.10.25-04.10.13:066][  0]LogTemp:Display: Loaded TP WindowsServerTargetPlatform
[2016.10.25-04.10.13:074][  0]LogTemp:Display: Loaded TP WindowsTargetPlatform
[2016.10.25-04.10.13:081][  0]LogTemp:Display: Loaded TP AndroidTargetPlatform
[2016.10.25-04.10.13:088][  0]LogTemp:Display: Loaded TP Android_ASTCTargetPlatform
[2016.10.25-04.10.13:094][  0]LogTemp:Display: Loaded TP Android_ATCTargetPlatform
[2016.10.25-04.10.13:101][  0]LogTemp:Display: Loaded TP Android_DXTTargetPlatform
[2016.10.25-04.10.13:108][  0]LogTemp:Display: Loaded TP Android_ETC1TargetPlatform
[2016.10.25-04.10.13:114][  0]LogTemp:Display: Loaded TP Android_ETC2TargetPlatform
[2016.10.25-04.10.13:128][  0]LogTemp:Display: Loaded TP Android_MultiTargetPlatform
[2016.10.25-04.10.13:128][  0]LogTemp:Display: Loaded TP Android_PVRTCTargetPlatform
[2016.10.25-04.10.13:128][  0]LogTemp:Display: Loaded TP HTML5TargetPlatform
[2016.10.25-04.10.13:150][  0]LogTemp:Display: Loaded TP IOSTargetPlatform
[2016.10.25-04.10.13:156][  0]LogTemp:Display: Loaded TP TVOSTargetPlatform
[2016.10.25-04.10.13:162][  0]LogTemp:Display: Loaded TP LinuxClientTargetPlatform
[2016.10.25-04.10.13:169][  0]LogTemp:Display: Loaded TP LinuxNoEditorTargetPlatform
[2016.10.25-04.10.13:175][  0]LogTemp:Display: Loaded TP LinuxServerTargetPlatform
[2016.10.25-04.10.13:182][  0]LogTemp:Display: Loaded TP LinuxTargetPlatform
[2016.10.25-04.10.13:182][  0]LogTargetPlatformManager:Display: Building Assets For Windows
[2016.10.25-04.10.13:270][  0]LogDerivedDataCache:Display: Max Cache Size: 512 MB
[2016.10.25-04.10.13:337][  0]LogDerivedDataCache: Loaded boot cache 0.07s 65MB C:/Users/Computer/AppData/Local/UnrealEngine/4.13/DerivedDataCache/Boot.ddc.
[2016.10.25-04.10.13:337][  0]LogDerivedDataCache:Display: Loaded Boot cache: C:/Users/Computer/AppData/Local/UnrealEngine/4.13/DerivedDataCache/Boot.ddc
[2016.10.25-04.10.13:337][  0]LogDerivedDataCache: FDerivedDataBackendGraph:  Pak pak cache file E:/Hevahelos/Hevahelos/DerivedDataCache/DDC.ddp not found, will not use a pak cache.
[2016.10.25-04.10.13:337][  0]LogDerivedDataCache: Unable to find inner node Pak for hierarchical cache Hierarchy.
[2016.10.25-04.10.13:337][  0]LogDerivedDataCache: FDerivedDataBackendGraph:  CompressedPak pak cache file E:/Hevahelos/Hevahelos/DerivedDataCache/Compressed.ddp not found, will not use a pak cache.
[2016.10.25-04.10.13:337][  0]LogDerivedDataCache: Unable to find inner node CompressedPak for hierarchical cache Hierarchy.
[2016.10.25-04.10.13:354][  0]LogDerivedDataCache:Display: Pak cache opened for reading ../../../Engine/DerivedDataCache/Compressed.ddp.
[2016.10.25-04.10.13:366][  0]LogDerivedDataCache: Using Local data cache path C:/Users/Computer/AppData/Local/UnrealEngine/Common/DerivedDataCache: Writable
[2016.10.25-04.10.13:602][  0]LogInit: Selected Device Profile: [Windows]
[2016.10.25-04.10.13:605][  0]LogContentStreaming: Texture pool size is 0.00 MB
[2016.10.25-04.10.13:700][  0]LogMeshUtilities: No automatic mesh reduction module available
[2016.10.25-04.10.13:700][  0]LogMeshUtilities: No automatic mesh merging module available
[2016.10.25-04.10.13:700][  0]LogMeshUtilities: No distributed automatic mesh merging module available
[2016.10.25-04.10.13:788][  0]LogMaterial: Uniform references updated for custom material expression Custom.
[2016.10.25-04.10.14:082][  0]LogNetVersion: GetLocalNetworkVersion: CL: 3106830, ProjectName: hevahelos, ProjectVersion: , EngineNetworkVersion: 1, GameNetworkVersion: 0, NetworkChecksum: 1335855834
[2016.10.25-04.10.14:123][  0]LogAssetRegistry: FAssetRegistry took 0.0222 seconds to start up
[2016.10.25-04.10.14:176][  0]LogPackageLocalizationCache: Processed 3 localized package path(s) for 2 prioritized culture(s) in 0.049657 seconds
[2016.10.25-04.10.14:180][  0]LogUObjectArray: 29778 objects as part of root set at end of initial load.
[2016.10.25-04.10.14:180][  0]LogUObjectAllocator: 6125448 out of 0 bytes used by permanent object pool.
[2016.10.25-04.10.14:180][  0]LogUObjectArray: CloseDisregardForGC: 0/0 objects in disregard for GC pool
[2016.10.25-04.10.14:188][  0]LogInit: WinSock: version 1.1 (2.2), MaxSocks=32767, MaxUdp=65467
[2016.10.25-04.10.14:420][  0]LogSlate: SlateFontCache - WITH_FREETYPE: 1, WITH_HARFBUZZ: 1
[2016.10.25-04.10.14:420][  0]LogSlate: SlateFontCache - WITH_FREETYPE: 1, WITH_HARFBUZZ: 1
[2016.10.25-04.10.15:078][  0]LogSubstanceCoreModule: Substance CPU Engine Loaded, Max Texture Size 2048
[2016.10.25-04.10.15:090][  0]LogTcpMessaging: Initializing TcpMessaging bridge
[2016.10.25-04.10.15:113][  0]LogUdpMessaging: Initializing bridge on interface 0.0.0.0:0 to multicast group 230.0.0.1:6666.
[2016.10.25-04.10.17:020][  0]SourceControl: Info Source control is disabled
[2016.10.25-04.10.17:094][  0]SourceControl: Info Source control is disabled
[2016.10.25-04.10.17:105][  0]SourceControl: Info Source control is disabled
[2016.10.25-04.10.17:116][  0]SourceControl: Info Source control is disabled
[2016.10.25-04.10.17:462][  0]LogEngine: Initializing Engine...
[2016.10.25-04.10.17:485][  0]LogHMD: Failed to initialize OpenVR with code 126
[2016.10.25-04.10.17:625][  0]LogAIModule: Creating AISystem for world Untitled
[2016.10.25-04.10.17:640][  0]LogInit: XAudio2 using 'Speakers (Realtek High Definition Audio)' : 2 channels at 48 kHz using 32 bits per sample (channel mask 0x3)
[2016.10.25-04.10.17:708][  0]LogInit: FAudioDevice initialized.
[2016.10.25-04.10.17:745][  0]LogDerivedDataCache: Saved boot cache 0.04s 65MB C:/Users/Computer/AppData/Local/UnrealEngine/4.13/DerivedDataCache/Boot.ddc.
[2016.10.25-04.10.18:024][  0]LogInit: Texture streaming: Enabled
[2016.10.25-04.10.18:107][  0]LogInit: Transaction tracking system initialized
[2016.10.25-04.10.18:134][  0]BlueprintLog: New page: Editor Load
[2016.10.25-04.10.18:275][  0]LocalizationService: Info Localization service is disabled
[2016.10.25-04.10.18:363][  0]LogConsoleResponse:Display: 
[2016.10.25-04.10.18:494][  0]LogCook:Display: Max memory allowance for cook 16384mb min free memory 0mb
[2016.10.25-04.10.18:494][  0]LogCook:Display: Mobile HDR setting 1
[2016.10.25-04.10.18:677][  0]LogFileCache: Scanning file cache for directory 'E:/Hevahelos/Hevahelos/Content/' took 0.04s
[2016.10.25-04.10.18:677][  0]SourceControl: Info Source control is disabled
[2016.10.25-04.10.18:677][  0]Cmd: MAP LOAD FILE="E:/Hevahelos/Hevahelos/Content/FirstPersonCPP/Maps/FirstPersonExampleMap.umap" TEMPLATE=0 SHOWPROGRESS=1 FEATURELEVEL=3
[2016.10.25-04.10.18:734][  0]LightingResults: New page: Lighting Build
[2016.10.25-04.10.18:737][  0]MapCheck: New page: Map Check
[2016.10.25-04.10.18:737][  0]LightingResults: New page: Lighting Build
[2016.10.25-04.10.19:888][  0]LogLinker:Warning: Can't find file '/Game/Environment/Textures/Ice/T_Cave_Ice_Tiling_D'
[2016.10.25-04.10.19:888][  0]LogLinker:Warning: Can't find file for asset '/Game/Environment/Textures/Ice/T_Cave_Ice_Tiling_D' while loading E:/Hevahelos/Hevahelos/Content/Environment/Shaders/MaterialFunctions/MF_Cave_Snow.uasset.
[2016.10.25-04.10.19:888][  0]LoadErrors:Error: Error /Game/Environment/Shaders/MaterialFunctions/MF_Cave_Snow : Can't find file for asset. /Game/Environment/Textures/Ice/T_Cave_Ice_Tiling_D
[2016.10.25-04.10.19:888][  0]LogLinker:Warning: Can't find file '/Game/Environment/Textures/T_Glacier_Cap_N'
[2016.10.25-04.10.19:888][  0]LogLinker:Warning: Can't find file for asset '/Game/Environment/Textures/T_Glacier_Cap_N' while loading E:/Hevahelos/Hevahelos/Content/Environment/Shaders/MaterialFunctions/MF_Cave_Snow.uasset.
[2016.10.25-04.10.19:888][  0]LoadErrors:Error: Error /Game/Environment/Shaders/MaterialFunctions/MF_Cave_Snow : Can't find file for asset. /Game/Environment/Textures/T_Glacier_Cap_N
[2016.10.25-04.10.19:889][  0]LogLinker:Warning: Can't find file '/Game/Environment/Textures/Ice/T_Cave_Ice_Tiling_D'
[2016.10.25-04.10.19:889][  0]LogLinker:Warning: Can't find file for asset '/Game/Environment/Textures/Ice/T_Cave_Ice_Tiling_D' while loading E:/Hevahelos/Hevahelos/Content/Environment/Shaders/MaterialFunctions/MF_Cave_Snow.uasset.
[2016.10.25-04.10.19:889][  0]LoadErrors:Error: Error /Game/Environment/Shaders/MaterialFunctions/MF_Cave_Snow : Can't find file for asset. /Game/Environment/Textures/Ice/T_Cave_Ice_Tiling_D
[2016.10.25-04.10.19:889][  0]LogLinker:Warning: Can't find file '/Game/Environment/Textures/T_Glacier_Cap_N'
[2016.10.25-04.10.19:889][  0]LogLinker:Warning: Can't find file for asset '/Game/Environment/Textures/T_Glacier_Cap_N' while loading E:/Hevahelos/Hevahelos/Content/Environment/Shaders/MaterialFunctions/MF_Cave_Snow.uasset.
[2016.10.25-04.10.19:889][  0]LoadErrors:Error: Error /Game/Environment/Shaders/MaterialFunctions/MF_Cave_Snow : Can't find file for asset. /Game/Environment/Textures/T_Glacier_Cap_N
[2016.10.25-04.10.19:908][  0]LogLinker:Warning: Can't find file '/Game/Environment/MaterialFunctions/MF_SnowMask'
[2016.10.25-04.10.19:909][  0]LogLinker:Warning: Can't find file for asset '/Game/Environment/MaterialFunctions/MF_SnowMask' while loading E:/Hevahelos/Hevahelos/Content/Environment/Shaders/MaterialFunctions/MF_SnowBlend.uasset.
[2016.10.25-04.10.19:909][  0]LoadErrors:Error: Error /Game/Environment/Shaders/MaterialFunctions/MF_SnowBlend : Can't find file for asset. /Game/Environment/MaterialFunctions/MF_SnowMask
[2016.10.25-04.10.19:909][  0]LogLinker:Warning: Can't find file '/Game/Environment/MaterialFunctions/MF_SnowMask'
[2016.10.25-04.10.19:909][  0]LogLinker:Warning: Can't find file for asset '/Game/Environment/MaterialFunctions/MF_SnowMask' while loading E:/Hevahelos/Hevahelos/Content/Environment/Shaders/MaterialFunctions/MF_SnowBlend.uasset.
[2016.10.25-04.10.19:909][  0]LoadErrors:Error: Error /Game/Environment/Shaders/MaterialFunctions/MF_SnowBlend : Can't find file for asset. /Game/Environment/MaterialFunctions/MF_SnowMask
[2016.10.25-04.10.19:909][  0]LogLinker:Warning: Can't find file '/Game/Environment/Textures/Ice/T_Cave_Ice_Noise_D'
[2016.10.25-04.10.19:909][  0]LogLinker:Warning: Can't find file for asset '/Game/Environment/Textures/Ice/T_Cave_Ice_Noise_D' while loading E:/Hevahelos/Hevahelos/Content/Environment/Shaders/MaterialFunctions/MF_SnowBlend.uasset.
[2016.10.25-04.10.19:909][  0]LoadErrors:Error: Error /Game/Environment/Shaders/MaterialFunctions/MF_SnowBlend : Can't find file for asset. /Game/Environment/Textures/Ice/T_Cave_Ice_Noise_D
[2016.10.25-04.10.19:909][  0]LogLinker:Warning: Can't find file '/Game/Environment/Textures/Rock/T_CaveRock_Detail_N'
[2016.10.25-04.10.19:910][  0]LogLinker:Warning: Can't find file for asset '/Game/Environment/Textures/Rock/T_CaveRock_Detail_N' while loading E:/Hevahelos/Hevahelos/Content/Environment/Shaders/MaterialFunctions/MF_SnowBlend.uasset.
[2016.10.25-04.10.19:910][  0]LoadErrors:Error: Error /Game/Environment/Shaders/MaterialFunctions/MF_SnowBlend : Can't find file for asset. /Game/Environment/Textures/Rock/T_CaveRock_Detail_N
[2016.10.25-04.10.19:910][  0]LogLinker:Warning: Can't find file '/Game/Environment/Textures/Ice/T_Cave_Ice_Noise_D'
[2016.10.25-04.10.19:910][  0]LogLinker:Warning: Can't find file for asset '/Game/Environment/Textures/Ice/T_Cave_Ice_Noise_D' while loading E:/Hevahelos/Hevahelos/Content/Environment/Shaders/MaterialFunctions/MF_SnowBlend.uasset.
[2016.10.25-04.10.19:910][  0]LoadErrors:Error: Error /Game/Environment/Shaders/MaterialFunctions/MF_SnowBlend : Can't find file for asset. /Game/Environment/Textures/Ice/T_Cave_Ice_Noise_D
[2016.10.25-04.10.19:910][  0]LogLinker:Warning: Can't find file '/Game/Environment/Textures/Rock/T_CaveRock_Detail_N'
[2016.10.25-04.10.19:910][  0]LogLinker:Warning: Can't find file for asset '/Game/Environment/Textures/Rock/T_CaveRock_Detail_N' while loading E:/Hevahelos/Hevahelos/Content/Environment/Shaders/MaterialFunctions/MF_SnowBlend.uasset.
[2016.10.25-04.10.19:910][  0]LoadErrors:Error: Error /Game/Environment/Shaders/MaterialFunctions/MF_SnowBlend : Can't find file for asset. /Game/Environment/Textures/Rock/T_CaveRock_Detail_N
[2016.10.25-04.10.19:976][  0]LogLinker:Warning: Can't find file '/Game/Environment/Textures/Noise/T_Cave_Noise_14'
[2016.10.25-04.10.19:976][  0]LogLinker:Warning: Can't find file for asset '/Game/Environment/Textures/Noise/T_Cave_Noise_14' while loading E:/Hevahelos/Hevahelos/Content/Environment/Shaders/MaterialFunctions/MF_Wetness.uasset.
[2016.10.25-04.10.19:976][  0]LoadErrors:Error: Error /Game/Environment/Shaders/MaterialFunctions/MF_Wetness : Can't find file for asset. /Game/Environment/Textures/Noise/T_Cave_Noise_14
[2016.10.25-04.10.19:976][  0]LogLinker:Warning: Can't find file '/Game/Environment/Textures/Noise/T_Cave_Noise_14'
[2016.10.25-04.10.19:977][  0]LogLinker:Warning: Can't find file for asset '/Game/Environment/Textures/Noise/T_Cave_Noise_14' while loading E:/Hevahelos/Hevahelos/Content/Environment/Shaders/MaterialFunctions/MF_Wetness.uasset.
[2016.10.25-04.10.19:977][  0]LoadErrors:Error: Error /Game/Environment/Shaders/MaterialFunctions/MF_Wetness : Can't find file for asset. /Game/Environment/Textures/Noise/T_Cave_Noise_14
[2016.10.25-04.10.20:413][  0]LogLinker:Warning: Can't find file '/Game/Effects/Materials/Fire/M_Fire_SubUV_11X11_Noise'
[2016.10.25-04.10.20:413][  0]LogLinker:Warning: Can't find file for asset '/Game/Effects/Materials/Fire/M_Fire_SubUV_11X11_Noise' while loading E:/Hevahelos/Hevahelos/Content/Environment/Shaders/Effects/Particles/Fire/P_TorchFire.uasset.
[2016.10.25-04.10.20:413][  0]LoadErrors:Error: Error /Game/Environment/Shaders/Effects/Particles/Fire/P_TorchFire : Can't find file for asset. /Game/Effects/Materials/Fire/M_Fire_SubUV_11X11_Noise
[2016.10.25-04.10.20:413][  0]LogLinker:Warning: Can't find file '/Game/Effects/Materials/Fire/M_HeatDistort'
[2016.10.25-04.10.20:413][  0]LogLinker:Warning: Can't find file for asset '/Game/Effects/Materials/Fire/M_HeatDistort' while loading E:/Hevahelos/Hevahelos/Content/Environment/Shaders/Effects/Particles/Fire/P_TorchFire.uasset.
[2016.10.25-04.10.20:413][  0]LoadErrors:Error: Error /Game/Environment/Shaders/Effects/Particles/Fire/P_TorchFire : Can't find file for asset. /Game/Effects/Materials/Fire/M_HeatDistort
[2016.10.25-04.10.20:414][  0]LogLinker:Warning: Can't find file '/Game/Effects/Materials/Flares/M_FlareRound'
[2016.10.25-04.10.20:414][  0]LogLinker:Warning: Can't find file for asset '/Game/Effects/Materials/Flares/M_FlareRound' while loading E:/Hevahelos/Hevahelos/Content/Environment/Shaders/Effects/Particles/Fire/P_TorchFire.uasset.
[2016.10.25-04.10.20:414][  0]LoadErrors:Error: Error /Game/Environment/Shaders/Effects/Particles/Fire/P_TorchFire : Can't find file for asset. /Game/Effects/Materials/Flares/M_FlareRound
[2016.10.25-04.10.20:414][  0]LogLinker:Warning: Can't find file '/Game/Effects/Materials/Sparks/M_Spark_VelocityLerp'
[2016.10.25-04.10.20:414][  0]LogLinker:Warning: Can't find file for asset '/Game/Effects/Materials/Sparks/M_Spark_VelocityLerp' while loading E:/Hevahelos/Hevahelos/Content/Environment/Shaders/Effects/Particles/Fire/P_TorchFire.uasset.
[2016.10.25-04.10.20:414][  0]LoadErrors:Error: Error /Game/Environment/Shaders/Effects/Particles/Fire/P_TorchFire : Can't find file for asset. /Game/Effects/Materials/Sparks/M_Spark_VelocityLerp
[2016.10.25-04.10.20:414][  0]LogLinker:Warning: Can't find file '/Game/Effects/Materials/Fire/M_Fire_SubUV_11X11_Noise'
[2016.10.25-04.10.20:414][  0]LogLinker:Warning: Can't find file for asset '/Game/Effects/Materials/Fire/M_Fire_SubUV_11X11_Noise' while loading E:/Hevahelos/Hevahelos/Content/Environment/Shaders/Effects/Particles/Fire/P_TorchFire.uasset.
[2016.10.25-04.10.20:414][  0]LoadErrors:Error: Error /Game/Environment/Shaders/Effects/Particles/Fire/P_TorchFire : Can't find file for asset. /Game/Effects/Materials/Fire/M_Fire_SubUV_11X11_Noise
[2016.10.25-04.10.20:414][  0]LogLinker:Warning: Can't find file '/Game/Effects/Materials/Fire/M_HeatDistort'
[2016.10.25-04.10.20:414][  0]LogLinker:Warning: Can't find file for asset '/Game/Effects/Materials/Fire/M_HeatDistort' while loading E:/Hevahelos/Hevahelos/Content/Environment/Shaders/Effects/Particles/Fire/P_TorchFire.uasset.
[2016.10.25-04.10.20:414][  0]LoadErrors:Error: Error /Game/Environment/Shaders/Effects/Particles/Fire/P_TorchFire : Can't find file for asset. /Game/Effects/Materials/Fire/M_HeatDistort
[2016.10.25-04.10.20:415][  0]LogLinker:Warning: Can't find file '/Game/Effects/Materials/Flares/M_FlareRound'
[2016.10.25-04.10.20:415][  0]LogLinker:Warning: Can't find file for asset '/Game/Effects/Materials/Flares/M_FlareRound' while loading E:/Hevahelos/Hevahelos/Content/Environment/Shaders/Effects/Particles/Fire/P_TorchFire.uasset.
[2016.10.25-04.10.20:415][  0]LoadErrors:Error: Error /Game/Environment/Shaders/Effects/Particles/Fire/P_TorchFire : Can't find file for asset. /Game/Effects/Materials/Flares/M_FlareRound
[2016.10.25-04.10.20:415][  0]LogLinker:Warning: Can't find file '/Game/Effects/Materials/Sparks/M_Spark_VelocityLerp'
[2016.10.25-04.10.20:415][  0]LogLinker:Warning: Can't find file for asset '/Game/Effects/Materials/Sparks/M_Spark_VelocityLerp' while loading E:/Hevahelos/Hevahelos/Content/Environment/Shaders/Effects/Particles/Fire/P_TorchFire.uasset.
[2016.10.25-04.10.20:415][  0]LoadErrors:Error: Error /Game/Environment/Shaders/Effects/Particles/Fire/P_TorchFire : Can't find file for asset. /Game/Effects/Materials/Sparks/M_Spark_VelocityLerp
[2016.10.25-04.10.20:415][  0]LogLinker:Warning: Can't find file '/Game/Effects/VectorFields/VF_RandomNoise_01_90'
[2016.10.25-04.10.20:415][  0]LogLinker:Warning: Can't find file for asset '/Game/Effects/VectorFields/VF_RandomNoise_01_90' while loading E:/Hevahelos/Hevahelos/Content/Environment/Shaders/Effects/Particles/Fire/P_TorchFire.uasset.
[2016.10.25-04.10.20:415][  0]LoadErrors:Error: Error /Game/Environment/Shaders/Effects/Particles/Fire/P_TorchFire : Can't find file for asset. /Game/Effects/VectorFields/VF_RandomNoise_01_90
[2016.10.25-04.10.20:415][  0]LogLinker:Warning: Can't find file '/Game/Effects/VectorFields/VF_RandomNoise_01_90'
[2016.10.25-04.10.20:415][  0]LogLinker:Warning: Can't find file for asset '/Game/Effects/VectorFields/VF_RandomNoise_01_90' while loading E:/Hevahelos/Hevahelos/Content/Environment/Shaders/Effects/Particles/Fire/P_TorchFire.uasset.
[2016.10.25-04.10.20:415][  0]LoadErrors:Error: Error /Game/Environment/Shaders/Effects/Particles/Fire/P_TorchFire : Can't find file for asset. /Game/Effects/VectorFields/VF_RandomNoise_01_90
[2016.10.25-04.10.21:103][  0]LogLinker:Warning: Can't find file '/Game/Environment/Textures/Ice/T_Cave_Ice_Tiling_D'
[2016.10.25-04.10.21:104][  0]LoadErrors: Info Failed to load /Game/Environment/Textures/Ice/T_Cave_Ice_Tiling_D.T_Cave_Ice_Tiling_D Referenced by MaterialExpressionTextureSample_0
[2016.10.25-04.10.21:104][  0]LogLinker:Warning: Can't find file for asset '/Game/Environment/Textures/Ice/T_Cave_Ice_Tiling_D' while loading NULL.
[2016.10.25-04.10.21:104][  0]LoadErrors: Info Failed to load /Game/Environment/Textures/Ice/T_Cave_Ice_Tiling_D.T_Cave_Ice_Tiling_D Referenced by MaterialExpressionTextureSample_0
[2016.10.25-04.10.21:104][  0]LogLinker:Warning: Can't find file '/Game/Environment/Textures/T_Glacier_Cap_N'
[2016.10.25-04.10.21:104][  0]LoadErrors: Info Failed to load /Game/Environment/Textures/T_Glacier_Cap_N.T_Glacier_Cap_N Referenced by MaterialExpressionTextureSample_2
[2016.10.25-04.10.21:104][  0]LogLinker:Warning: Can't find file for asset '/Game/Environment/Textures/T_Glacier_Cap_N' while loading NULL.
[2016.10.25-04.10.21:104][  0]LoadErrors: Info Failed to load /Game/Environment/Textures/T_Glacier_Cap_N.T_Glacier_Cap_N Referenced by MaterialExpressionTextureSample_2
[2016.10.25-04.10.21:589][  0]LogLinker:Warning: Can't find file '/Game/Effects/Materials/Fire/M_Fire_SubUV_11X11_Noise'
[2016.10.25-04.10.21:589][  0]LoadErrors: Info Failed to load /Game/Effects/Materials/Fire/M_Fire_SubUV_11X11_Noise.M_Fire_SubUV_11X11_Noise Referenced by ParticleModuleRequired_0
[2016.10.25-04.10.21:589][  0]LogLinker:Warning: Can't find file for asset '/Game/Effects/Materials/Fire/M_Fire_SubUV_11X11_Noise' while loading NULL.
[2016.10.25-04.10.21:589][  0]LoadErrors: Info Failed to load /Game/Effects/Materials/Fire/M_Fire_SubUV_11X11_Noise.M_Fire_SubUV_11X11_Noise Referenced by ParticleModuleRequired_0
[2016.10.25-04.10.21:589][  0]LogLinker:Warning: Can't find file '/Game/Effects/Materials/Flares/M_FlareRound'
[2016.10.25-04.10.21:589][  0]LoadErrors: Info Failed to load /Game/Effects/Materials/Flares/M_FlareRound.M_FlareRound Referenced by ParticleModuleRequired_12
[2016.10.25-04.10.21:589][  0]LogLinker:Warning: Can't find file for asset '/Game/Effects/Materials/Flares/M_FlareRound' while loading NULL.
[2016.10.25-04.10.21:589][  0]LoadErrors: Info Failed to load /Game/Effects/Materials/Flares/M_FlareRound.M_FlareRound Referenced by ParticleModuleRequired_12
[2016.10.25-04.10.21:589][  0]LogLinker:Warning: Can't find file '/Game/Effects/Materials/Fire/M_Fire_SubUV_11X11_Noise'
[2016.10.25-04.10.21:590][  0]LoadErrors: Info Failed to load /Game/Effects/Materials/Fire/M_Fire_SubUV_11X11_Noise.M_Fire_SubUV_11X11_Noise Referenced by ParticleModuleRequired_2
[2016.10.25-04.10.21:590][  0]LogLinker:Warning: Can't find file for asset '/Game/Effects/Materials/Fire/M_Fire_SubUV_11X11_Noise' while loading NULL.
[2016.10.25-04.10.21:590][  0]LoadErrors: Info Failed to load /Game/Effects/Materials/Fire/M_Fire_SubUV_11X11_Noise.M_Fire_SubUV_11X11_Noise Referenced by ParticleModuleRequired_2
[2016.10.25-04.10.21:590][  0]LogLinker:Warning: Can't find file '/Game/Effects/Materials/Fire/M_Fire_SubUV_11X11_Noise'
[2016.10.25-04.10.21:590][  0]LoadErrors: Info Failed to load /Game/Effects/Materials/Fire/M_Fire_SubUV_11X11_Noise.M_Fire_SubUV_11X11_Noise Referenced by ParticleModuleRequired_3
[2016.10.25-04.10.21:590][  0]LogLinker:Warning: Can't find file for asset '/Game/Effects/Materials/Fire/M_Fire_SubUV_11X11_Noise' while loading NULL.
[2016.10.25-04.10.21:590][  0]LoadErrors: Info Failed to load /Game/Effects/Materials/Fire/M_Fire_SubUV_11X11_Noise.M_Fire_SubUV_11X11_Noise Referenced by ParticleModuleRequired_3
[2016.10.25-04.10.21:590][  0]LogLinker:Warning: Can't find file '/Game/Effects/Materials/Sparks/M_Spark_VelocityLerp'
[2016.10.25-04.10.21:590][  0]LoadErrors: Info Failed to load /Game/Effects/Materials/Sparks/M_Spark_VelocityLerp.M_Spark_VelocityLerp Referenced by ParticleModuleRequired_4
[2016.10.25-04.10.21:590][  0]LogLinker:Warning: Can't find file for asset '/Game/Effects/Materials/Sparks/M_Spark_VelocityLerp' while loading NULL.
[2016.10.25-04.10.21:590][  0]LoadErrors: Info Failed to load /Game/Effects/Materials/Sparks/M_Spark_VelocityLerp.M_Spark_VelocityLerp Referenced by ParticleModuleRequired_4
[2016.10.25-04.10.21:590][  0]LogLinker:Warning: Can't find file '/Game/Effects/Materials/Fire/M_HeatDistort'
[2016.10.25-04.10.21:591][  0]LoadErrors: Info Failed to load /Game/Effects/Materials/Fire/M_HeatDistort.M_HeatDistort Referenced by ParticleModuleRequired_6
[2016.10.25-04.10.21:591][  0]LogLinker:Warning: Can't find file for asset '/Game/Effects/Materials/Fire/M_HeatDistort' while loading NULL.
[2016.10.25-04.10.21:591][  0]LoadErrors: Info Failed to load /Game/Effects/Materials/Fire/M_HeatDistort.M_HeatDistort Referenced by ParticleModuleRequired_6
[2016.10.25-04.10.21:591][  0]LogLinker:Warning: Can't find file '/Game/Effects/VectorFields/VF_RandomNoise_01_90'
[2016.10.25-04.10.21:592][  0]LoadErrors: Info Failed to load /Game/Effects/VectorFields/VF_RandomNoise_01_90.VF_RandomNoise_01_90 Referenced by ParticleModuleVectorFieldLocal_1
[2016.10.25-04.10.21:592][  0]LogLinker:Warning: Can't find file for asset '/Game/Effects/VectorFields/VF_RandomNoise_01_90' while loading NULL.
[2016.10.25-04.10.21:592][  0]LoadErrors: Info Failed to load /Game/Effects/VectorFields/VF_RandomNoise_01_90.VF_RandomNoise_01_90 Referenced by ParticleModuleVectorFieldLocal_1
[2016.10.25-04.10.21:691][  0]LogLinker:Warning: Can't find file '/Game/Environment/Textures/Noise/T_Cave_Noise_14'
[2016.10.25-04.10.21:691][  0]LoadErrors: Info Failed to load /Game/Environment/Textures/Noise/T_Cave_Noise_14.T_Cave_Noise_14 Referenced by MaterialExpressionTextureSample_16
[2016.10.25-04.10.21:691][  0]LogLinker:Warning: Can't find file for asset '/Game/Environment/Textures/Noise/T_Cave_Noise_14' while loading NULL.
[2016.10.25-04.10.21:691][  0]LoadErrors: Info Failed to load /Game/Environment/Textures/Noise/T_Cave_Noise_14.T_Cave_Noise_14 Referenced by MaterialExpressionTextureSample_16
[2016.10.25-04.10.21:696][  0]LogLinker:Warning: Can't find file '/Game/Environment/MaterialFunctions/MF_SnowMask'
[2016.10.25-04.10.21:696][  0]LoadErrors: Info Failed to load /Game/Environment/MaterialFunctions/MF_SnowMask.MF_SnowMask Referenced by MaterialExpressionMaterialFunctionCall_7
[2016.10.25-04.10.21:696][  0]LogLinker:Warning: Can't find file for asset '/Game/Environment/MaterialFunctions/MF_SnowMask' while loading NULL.
[2016.10.25-04.10.21:696][  0]LoadErrors: Info Failed to load /Game/Environment/MaterialFunctions/MF_SnowMask.MF_SnowMask Referenced by MaterialExpressionMaterialFunctionCall_7
[2016.10.25-04.10.21:697][  0]LogLinker:Warning: Can't find file '/Game/Environment/Textures/Ice/T_Cave_Ice_Noise_D'
[2016.10.25-04.10.21:697][  0]LoadErrors: Info Failed to load /Game/Environment/Textures/Ice/T_Cave_Ice_Noise_D.T_Cave_Ice_Noise_D Referenced by MaterialExpressionTextureObject_7
[2016.10.25-04.10.21:697][  0]LogLinker:Warning: Can't find file for asset '/Game/Environment/Textures/Ice/T_Cave_Ice_Noise_D' while loading NULL.
[2016.10.25-04.10.21:697][  0]LoadErrors: Info Failed to load /Game/Environment/Textures/Ice/T_Cave_Ice_Noise_D.T_Cave_Ice_Noise_D Referenced by MaterialExpressionTextureObject_7
[2016.10.25-04.10.21:697][  0]LogLinker:Warning: Can't find file '/Game/Environment/Textures/Rock/T_CaveRock_Detail_N'
[2016.10.25-04.10.21:697][  0]LoadErrors: Info Failed to load /Game/Environment/Textures/Rock/T_CaveRock_Detail_N.T_CaveRock_Detail_N Referenced by MaterialExpressionTextureSample_1
[2016.10.25-04.10.21:697][  0]LogLinker:Warning: Can't find file for asset '/Game/Environment/Textures/Rock/T_CaveRock_Detail_N' while loading NULL.
[2016.10.25-04.10.21:697][  0]LoadErrors: Info Failed to load /Game/Environment/Textures/Rock/T_CaveRock_Detail_N.T_CaveRock_Detail_N Referenced by MaterialExpressionTextureSample_1
[2016.10.25-04.10.21:697][  0]LogLinker:Warning: Can't find file '/Game/Environment/Textures/Ice/T_Cave_Ice_Noise_D'
[2016.10.25-04.10.21:698][  0]LoadErrors: Info Failed to load /Game/Environment/Textures/Ice/T_Cave_Ice_Noise_D.T_Cave_Ice_Noise_D Referenced by MaterialExpressionTextureSample_9
[2016.10.25-04.10.21:698][  0]LogLinker:Warning: Can't find file for asset '/Game/Environment/Textures/Ice/T_Cave_Ice_Noise_D' while loading NULL.
[2016.10.25-04.10.21:698][  0]LoadErrors: Info Failed to load /Game/Environment/Textures/Ice/T_Cave_Ice_Noise_D.T_Cave_Ice_Noise_D Referenced by MaterialExpressionTextureSample_9
[2016.10.25-04.10.22:531][  0]LogAIModule: Creating AISystem for world FirstPersonExampleMap
[2016.10.25-04.10.22:561][  0]LogEditorServer: Finished looking for orphan Actors (0.000 secs)
[2016.10.25-04.10.22:562][  0]Cmd: MAP CHECKDEP NOCLEARLOG
[2016.10.25-04.10.22:635][  0]MapCheck: Info Map check complete: 0 Error(s), 0 Warning(s), took 72.906ms to complete.
[2016.10.25-04.10.22:635][  0]LogFileHelpers: Loading map 'FirstPersonExampleMap' took 3.958
[2016.10.25-04.10.22:772][  0]LogCollectionManager: Loaded 0 collections in 0.002023 seconds
[2016.10.25-04.10.22:814][  0]LogFileCache: Scanning file cache for directory 'E:/Hevahelos/Hevahelos/Saved/Collections/' took 0.01s
[2016.10.25-04.10.22:814][  0]LogFileCache: Scanning file cache for directory 'E:/Hevahelos/Hevahelos/Content/Developers/Computer/Collections/' took 0.01s
[2016.10.25-04.10.22:814][  0]LogFileCache: Scanning file cache for directory 'E:/Hevahelos/Hevahelos/Content/Collections/' took 0.01s
[2016.10.25-04.10.22:814][  0]LogCollectionManager: Rebuilt the GUID cache for 0 collections in 0.000003 seconds
[2016.10.25-04.10.22:824][  0]LogContentBrowser: Native class hierarchy populated in 0.0102 seconds. Added 2160 classes and 423 folders.
[2016.10.25-04.10.22:829][  0]LogStats: UGameplayTagsManager::ConstructGameplayTagTree: Construct from data asset -  0.000 s
[2016.10.25-04.10.22:829][  0]LogStats: UGameplayTagsManager::ConstructGameplayTagTree: GameplayTagTreeChangedEvent.Broadcast -  0.000 s
[2016.10.25-04.10.22:831][  0]LogContentBrowser: Native class hierarchy updated for 'GameplayTags' in 0.0013 seconds. Added 12 classes and 0 folders.
[2016.10.25-04.10.22:836][  0]LogContentBrowser: Native class hierarchy updated for 'WidgetCarousel' in 0.0012 seconds. Added 0 classes and 0 folders.
[2016.10.25-04.10.22:961][  0]LogContentBrowser: Native class hierarchy updated for 'AddContentDialog' in 0.0013 seconds. Added 0 classes and 0 folders.
[2016.10.25-04.10.22:968][  0]LogContentBrowser: Native class hierarchy updated for 'SceneOutliner' in 0.0014 seconds. Added 1 classes and 2 folders.
[2016.10.25-04.10.23:109][  0]LogCrashTracker: Crashtracker disabled due to settings.
[2016.10.25-04.10.23:115][  0]LogUObjectGlobals:Warning: Failed to find object 'Class None.'
[2016.10.25-04.10.23:149][  0]LogContentBrowser: Native class hierarchy updated for 'HierarchicalLODOutliner' in 0.0016 seconds. Added 1 classes and 2 folders.
[2016.10.25-04.10.23:149][  0]LogLoad: (Engine Initialization) Total time: 15.73 seconds
[2016.10.25-04.10.23:149][  0]LogLoad: (Engine Initialization) Total Blueprint compile time: 0.13 seconds
[2016.10.25-04.10.23:149][  0]LogExternalProfiler: Found external profiler: VSPerf
[2016.10.25-04.10.23:149][  0]LogExternalProfiler: Using external profiler: VSPerf
[2016.10.25-04.10.23:159][  0]LogWindowsTextInputMethodSystem:Display: IME system now deactivated.
[2016.10.25-04.10.23:159][  0]LogWindowsTextInputMethodSystem:Display: IME system now deactivated.
[2016.10.25-04.10.23:160][  0]LogOcInput: OculusInput pre-init called
[2016.10.25-04.10.23:182][  0]LogContentStreaming: Texture pool size now 1000 MB
[2016.10.25-04.10.23:396][  1]LogRenderer: Reallocating scene render targets to support 1260x796 (Frame:2).
[2016.10.25-04.10.23:714][  2]LogAssetRegistry: Asset discovery search completed in 9.6133 seconds
[2016.10.25-04.10.23:714][  2]LogCollectionManager: Rebuilt the object cache for 0 collections in 0.000001 seconds (found 0 objects)
[2016.10.25-04.10.23:714][  2]LogCollectionManager: Fixed up redirectors for 0 collections in 0.000047 seconds (updated 0 objects)
[2016.10.25-04.10.48:772][290]LogEditorViewport: Clicking on Actor (LMB): StaticMeshActor (SM_Tower_R)
[2016.10.25-04.10.50:379][427]Cmd: CAMERA ALIGN ACTIVEVIEWPORTONLY
[2016.10.25-04.11.30:827][784]LogEditorViewport: Clicking on Actor (LMB): PointLight (PointLight58)
[2016.10.25-04.11.35:124][155]LogEditorViewport: Clicking on Actor (LMB): PointLight (PointLight62)
[2016.10.25-04.11.41:262][693]LogEditorViewport: Clicking on Actor (LMB): BP_Sky_Sphere_C (BP_Sky_Sphere)
[2016.10.25-04.20.26:301][579]LogSavePackage: Save=1375.43ms
[2016.10.25-04.20.26:302][579]LogSavePackage: Moving 'E:/Hevahelos/Hevahelos/Saved/FirstPersonExampleMap_Auto1F40D92B34F4A57A3CCCC17A4BA39C7CC.tmp' to 'E:/Hevahelos/Hevahelos/Saved/Autosaves/Game/FirstPersonCPP/Maps/FirstPersonExampleMap_Auto1.umap'
[2016.10.25-04.20.26:303][579]LogSavePackage:Display: Finished SavePackage E:/Hevahelos/Hevahelos/Saved/Autosaves/Game/FirstPersonCPP/Maps/FirstPersonExampleMap_Auto1.umap
[2016.10.25-04.20.26:306][579]LogFileHelpers: Editor autosave (incl. sublevels) for '/Game/FirstPersonCPP/Maps/FirstPersonExampleMap' took 1.830
[2016.10.25-04.20.26:306][579]LogFileHelpers: Editor autosave (incl. sublevels) for all levels took 1.830
[2016.10.25-04.41.56:938][526]LogSavePackage: Save=1390.54ms
[2016.10.25-04.41.56:939][526]LogSavePackage: Moving 'E:/Hevahelos/Hevahelos/Saved/FirstPersonExampleMapBB6045FD4ABE0C8D35E629854B2A73BB.tmp' to 'E:/Hevahelos/Hevahelos/Content/FirstPersonCPP/Maps/FirstPersonExampleMap.umap'
[2016.10.25-04.41.56:946][526]LogSavePackage:Display: Finished SavePackage E:/Hevahelos/Hevahelos/Content/FirstPersonCPP/Maps/FirstPersonExampleMap.umap
[2016.10.25-04.41.56:972][526]LogFileHelpers: Saving map 'FirstPersonExampleMap' took 2.632
[2016.10.25-04.41.58:927][688]LogWindowsTextInputMethodSystem:Display: IME system now deactivated.
[2016.10.25-04.41.58:927][688]LogWindowsTextInputMethodSystem:Display: IME system now deactivated.
[2016.10.25-04.41.59:141][689]Cmd: QUIT_EDITOR
[2016.10.25-04.41.59:194][689]LogExit: Preparing to exit.
[2016.10.25-04.41.59:946][689]LogExit: Editor shut down
[2016.10.25-04.41.59:946][689]LogExit: Transaction tracking system shut down
[2016.10.25-04.42.00:085][689]LogObj: Freed 0b from 0 cluster array pools.
[2016.10.25-04.42.00:085][689]LogExit: Object subsystem successfully closed.
[2016.10.25-04.42.00:103][689]LogD3D11RHI: Shutdown
[2016.10.25-04.42.00:103][689]LogD3D11RHI: CleanupD3DDevice
[2016.10.25-04.42.00:206][689]LogD3D11RHI: ~FD3D11DynamicRHI
[2016.10.25-04.42.00:224][689]LogModuleManager: Shutting down and abandoning module HierarchicalLODOutliner (236)
[2016.10.25-04.42.00:224][689]LogModuleManager: Shutting down and abandoning module CrashTracker (235)
[2016.10.25-04.42.00:224][689]LogModuleManager: Shutting down and abandoning module SceneOutliner (234)
[2016.10.25-04.42.00:224][689]LogModuleManager: Shutting down and abandoning module WidgetCarousel (233)
[2016.10.25-04.42.00:224][689]LogModuleManager: Shutting down and abandoning module AddContentDialog (232)
[2016.10.25-04.42.00:224][689]LogDirectoryWatcher: A directory notification for 'C:/Program Files (x86)/Epic Games/4.13/FeaturePacks/' was aborted.
[2016.10.25-04.42.00:225][689]LogModuleManager: Shutting down and abandoning module GameplayTags (231)
[2016.10.25-04.42.00:225][689]LogModuleManager: Shutting down and abandoning module EditorWidgets (230)
[2016.10.25-04.42.00:225][689]LogModuleManager: Shutting down and abandoning module CollectionManager (229)
[2016.10.25-04.42.00:225][689]LogDirectoryWatcher: A directory notification for 'E:/Hevahelos/Hevahelos/Content/Collections/' was aborted.
[2016.10.25-04.42.00:225][689]LogDirectoryWatcher: A directory notification for 'E:/Hevahelos/Hevahelos/Content/Developers/Computer/Collections/' was aborted.
[2016.10.25-04.42.00:225][689]LogDirectoryWatcher: A directory notification for 'E:/Hevahelos/Hevahelos/Saved/Collections/' was aborted.
[2016.10.25-04.42.00:225][689]LogModuleManager: Shutting down and abandoning module StatsViewer (228)
[2016.10.25-04.42.00:225][689]LogModuleManager: Shutting down and abandoning module FoliageEdit (227)
[2016.10.25-04.42.00:225][689]LogModuleManager: Shutting down and abandoning module LandscapeEditor (226)
[2016.10.25-04.42.00:225][689]LogModuleManager: Shutting down and abandoning module SceneDepthPickerMode (225)
[2016.10.25-04.42.00:225][689]LogModuleManager: Shutting down and abandoning module ActorPickerMode (224)
[2016.10.25-04.42.00:225][689]LogModuleManager: Shutting down and abandoning module GeometryMode (223)
[2016.10.25-04.42.00:225][689]LogModuleManager: Shutting down and abandoning module TextureAlignMode (222)
[2016.10.25-04.42.00:225][689]LogModuleManager: Shutting down and abandoning module BspMode (221)
[2016.10.25-04.42.00:225][689]LogModuleManager: Shutting down and abandoning module HardwareSurvey (220)
[2016.10.25-04.42.00:225][689]LogModuleManager: Shutting down and abandoning module SequenceRecorderSections (219)
[2016.10.25-04.42.00:225][689]LogModuleManager: Shutting down and abandoning module SequenceRecorder (218)
[2016.10.25-04.42.00:225][689]LogModuleManager: Shutting down and abandoning module AutomationWorker (217)
[2016.10.25-04.42.00:225][689]LogModuleManager: Shutting down and abandoning module MatineeToLevelSequence (216)
[2016.10.25-04.42.00:226][689]LogModuleManager: Shutting down and abandoning module PlacementMode (215)
[2016.10.25-04.42.00:226][689]LogModuleManager: Shutting down and abandoning module LevelSequenceEditor (214)
[2016.10.25-04.42.00:226][689]LogModuleManager: Shutting down and abandoning module WmfMediaFactory (213)
[2016.10.25-04.42.00:226][689]LogModuleManager: Shutting down and abandoning module WmfMediaEditor (212)
[2016.10.25-04.42.00:226][689]LogModuleManager: Shutting down and abandoning module AvfMediaFactory (211)
[2016.10.25-04.42.00:226][689]LogModuleManager: Shutting down and abandoning module AvfMediaEditor (210)
[2016.10.25-04.42.00:226][689]LogModuleManager: Shutting down and abandoning module Media (209)
[2016.10.25-04.42.00:226][689]LogModuleManager: Shutting down and abandoning module AndroidMediaFactory (208)
[2016.10.25-04.42.00:226][689]LogModuleManager: Shutting down and abandoning module AndroidMediaEditor (207)
[2016.10.25-04.42.00:226][689]LogModuleManager: Shutting down and abandoning module CharacterAI (206)
[2016.10.25-04.42.00:226][689]LogModuleManager: Shutting down and abandoning module SmartSnapping (205)
[2016.10.25-04.42.00:226][689]LogModuleManager: Shutting down and abandoning module SessionServices (204)
[2016.10.25-04.42.00:226][689]LogModuleManager: Shutting down and abandoning module ViewportSnapping (203)
[2016.10.25-04.42.00:226][689]LogModuleManager: Shutting down and abandoning module ViewportInteraction (202)
[2016.10.25-04.42.00:226][689]LogModuleManager: Shutting down and abandoning module LogVisualizer (201)
[2016.10.25-04.42.00:226][689]LogModuleManager: Shutting down and abandoning module GameProjectGeneration (200)
[2016.10.25-04.42.00:226][689]LogModuleManager: Shutting down and abandoning module IntroTutorials (199)
[2016.10.25-04.42.00:226][689]LogModuleManager: Shutting down and abandoning module EditorLiveStreaming (198)
[2016.10.25-04.42.00:226][689]LogModuleManager: Shutting down and abandoning module IOSPlatformEditor (197)
[2016.10.25-04.42.00:226][689]LogModuleManager: Shutting down and abandoning module HTML5PlatformEditor (196)
[2016.10.25-04.42.00:226][689]LogModuleManager: Shutting down and abandoning module AndroidDeviceDetection (195)
[2016.10.25-04.42.00:307][689]LogModuleManager: Shutting down and abandoning module AndroidPlatformEditor (194)
[2016.10.25-04.42.00:307][689]LogModuleManager: Shutting down and abandoning module IOSRuntimeSettings (193)
[2016.10.25-04.42.00:307][689]LogModuleManager: Shutting down and abandoning module AndroidRuntimeSettings (192)
[2016.10.25-04.42.00:307][689]LogModuleManager: Shutting down and abandoning module NiagaraEditor (191)
[2016.10.25-04.42.00:307][689]LogModuleManager: Shutting down and abandoning module MergeActors (190)
[2016.10.25-04.42.00:307][689]LogModuleManager: Shutting down and abandoning module SizeMap (189)
[2016.10.25-04.42.00:307][689]LogModuleManager: Shutting down and abandoning module TreeMap (188)
[2016.10.25-04.42.00:307][689]LogModuleManager: Shutting down and abandoning module ReferenceViewer (187)
[2016.10.25-04.42.00:307][689]LogModuleManager: Shutting down and abandoning module LocalizationService (186)
[2016.10.25-04.42.00:307][689]LogModuleManager: Shutting down and abandoning module LocalizationDashboard (185)
[2016.10.25-04.42.00:307][689]LogModuleManager: Shutting down and abandoning module HardwareTargeting (184)
[2016.10.25-04.42.00:307][689]LogModuleManager: Shutting down and abandoning module DeviceProfileEditor (183)
[2016.10.25-04.42.00:307][689]LogModuleManager: Shutting down and abandoning module UndoHistory (182)
[2016.10.25-04.42.00:307][689]LogModuleManager: Shutting down and abandoning module UserFeedback (181)
[2016.10.25-04.42.00:307][689]LogModuleManager: Shutting down and abandoning module XmlParser (180)
[2016.10.25-04.42.00:307][689]LogModuleManager: Shutting down and abandoning module Blutility (179)
[2016.10.25-04.42.00:307][689]LogModuleManager: Shutting down and abandoning module ProjectTargetPlatformEditor (178)
[2016.10.25-04.42.00:307][689]LogModuleManager: Shutting down and abandoning module ProjectSettingsViewer (177)
[2016.10.25-04.42.00:307][689]LogModuleManager: Shutting down and abandoning module InputBindingEditor (176)
[2016.10.25-04.42.00:307][689]LogModuleManager: Shutting down and abandoning module EditorSettingsViewer (175)
[2016.10.25-04.42.00:307][689]LogModuleManager: Shutting down and abandoning module SettingsEditor (174)
[2016.10.25-04.42.00:307][689]LogModuleManager: Shutting down and abandoning module ProjectLauncher (173)
[2016.10.25-04.42.00:307][689]LogModuleManager: Shutting down and abandoning module SessionFrontend (172)
[2016.10.25-04.42.00:307][689]LogModuleManager: Shutting down and abandoning module ProfilerClient (171)
[2016.10.25-04.42.00:307][689]LogModuleManager: Shutting down and abandoning module TargetDeviceServices (170)
[2016.10.25-04.42.00:307][689]LogModuleManager: Shutting down and abandoning module DeviceManager (169)
[2016.10.25-04.42.00:362][689]LogModuleManager: Shutting down and abandoning module AutomationController (168)
[2016.10.25-04.42.00:362][689]LogModuleManager: Shutting down and abandoning module AutomationWindow (167)
[2016.10.25-04.42.00:362][689]LogModuleManager: Shutting down and abandoning module Layers (166)
[2016.10.25-04.42.00:362][689]LogModuleManager: Shutting down and abandoning module ComponentVisualizers (165)
[2016.10.25-04.42.00:362][689]LogModuleManager: Shutting down and abandoning module DetailCustomizations (164)
[2016.10.25-04.42.00:362][689]LogModuleManager: Shutting down and abandoning module PackagesDialog (163)
[2016.10.25-04.42.00:362][689]LogModuleManager: Shutting down and abandoning module AnimGraph (162)
[2016.10.25-04.42.00:362][689]LogModuleManager: Shutting down and abandoning module Persona (161)
[2016.10.25-04.42.00:362][689]LogModuleManager: Shutting down and abandoning module Kismet (160)
[2016.10.25-04.42.00:363][689]LogModuleManager: Shutting down and abandoning module GraphEditor (159)
[2016.10.25-04.42.00:363][689]LogModuleManager: Shutting down and abandoning module ClassViewer (158)
[2016.10.25-04.42.00:363][689]LogModuleManager: Shutting down and abandoning module Toolbox (157)
[2016.10.25-04.42.00:363][689]LogModuleManager: Shutting down and abandoning module ModuleUI (156)
[2016.10.25-04.42.00:363][689]LogModuleManager: Shutting down and abandoning module MovieSceneTools (155)
[2016.10.25-04.42.00:363][689]LogModuleManager: Shutting down and abandoning module OutputLog (154)
[2016.10.25-04.42.00:363][689]LogModuleManager: Shutting down and abandoning module GammaUI (153)
[2016.10.25-04.42.00:363][689]LogModuleManager: Shutting down and abandoning module Documentation (152)
[2016.10.25-04.42.00:363][689]LogModuleManager: Shutting down and abandoning module Niagara (151)
[2016.10.25-04.42.00:363][689]LogModuleManager: Shutting down and abandoning module StreamingPauseRendering (150)
[2016.10.25-04.42.00:363][689]LogModuleManager: Shutting down and abandoning module AnalyticsET (149)
[2016.10.25-04.42.00:363][689]LogModuleManager: Shutting down and abandoning module PortalServices (148)
[2016.10.25-04.42.00:363][689]LogModuleManager: Shutting down and abandoning module PortalRpc (147)
[2016.10.25-04.42.00:363][689]LogModuleManager: Shutting down and abandoning module MessagingRpc (146)
[2016.10.25-04.42.00:363][689]LogModuleManager: Shutting down and abandoning module GameplayDebugger (145)
[2016.10.25-04.42.00:363][689]LogModuleManager: Shutting down and abandoning module AITestSuite (144)
[2016.10.25-04.42.00:363][689]LogModuleManager: Shutting down and abandoning module AIModule (143)
[2016.10.25-04.42.00:363][689]LogModuleManager: Shutting down and abandoning module ProfilerService (142)
[2016.10.25-04.42.00:520][689]LogModuleManager: Shutting down and abandoning module TaskGraph (141)
[2016.10.25-04.42.00:520][689]LogModuleManager: Shutting down and abandoning module SubstanceEditor (140)
[2016.10.25-04.42.00:520][689]LogModuleManager: Shutting down and abandoning module SlateRemote (139)
[2016.10.25-04.42.00:520][689]LogModuleManager: Shutting down and abandoning module SteamVRController (138)
[2016.10.25-04.42.00:520][689]LogModuleManager: Shutting down and abandoning module SteamVR (137)
[2016.10.25-04.42.00:520][689]LogModuleManager: Shutting down and abandoning module ProceduralMeshComponentEditor (136)
[2016.10.25-04.42.00:520][689]LogModuleManager: Shutting down and abandoning module ProceduralMeshComponent (135)
[2016.10.25-04.42.00:520][689]LogModuleManager: Shutting down and abandoning module OculusLibrary (134)
[2016.10.25-04.42.00:520][689]LogModuleManager: Shutting down and abandoning module OculusInput (133)
[2016.10.25-04.42.00:520][689]LogModuleManager: Shutting down and abandoning module CustomMeshComponent (132)
[2016.10.25-04.42.00:520][689]LogModuleManager: Shutting down and abandoning module CableComponent (131)
[2016.10.25-04.42.00:520][689]LogModuleManager: Shutting down and abandoning module ArchVisCharacter (130)
[2016.10.25-04.42.00:520][689]LogModuleManager: Shutting down and abandoning module MediaPlayerEditor (128)
[2016.10.25-04.42.00:520][689]LogModuleManager: Shutting down and abandoning module HTML5Networking (127)
[2016.10.25-04.42.00:520][689]LogModuleManager: Shutting down and abandoning module GeometryCacheEd (126)
[2016.10.25-04.42.00:520][689]LogModuleManager: Shutting down and abandoning module GeometryCache (125)
[2016.10.25-04.42.00:520][689]LogModuleManager: Shutting down and abandoning module AlembicLibrary (124)
[2016.10.25-04.42.00:520][689]LogModuleManager: Shutting down and abandoning module AlembicImporter (123)
[2016.10.25-04.42.00:520][689]LogModuleManager: Shutting down and abandoning module SuperSearch (122)
[2016.10.25-04.42.00:520][689]LogModuleManager: Shutting down and abandoning module SuperSearchEditor (121)
[2016.10.25-04.42.00:520][689]LogModuleManager: Shutting down and abandoning module SpeedTreeImporter (120)
[2016.10.25-04.42.00:520][689]LogModuleManager: Shutting down and abandoning module PluginBrowser (119)
[2016.10.25-04.42.00:520][689]LogModuleManager: Shutting down and abandoning module MobileLauncherProfileWizard (118)
[2016.10.25-04.42.00:520][689]LogModuleManager: Shutting down and abandoning module EpicSurvey (117)
[2016.10.25-04.42.00:520][689]LogModuleManager: Shutting down and abandoning module DesktopPlatform (116)
[2016.10.25-04.42.00:520][689]LogModuleManager: Shutting down and abandoning module VisualStudioSourceCodeAccess (115)
[2016.10.25-04.42.00:520][689]LogModuleManager: Shutting down and abandoning module UObjectPlugin (114)
[2016.10.25-04.42.00:520][689]LogModuleManager: Shutting down and abandoning module SubversionSourceControl (113)
[2016.10.25-04.42.00:520][689]LogModuleManager: Shutting down and abandoning module PerforceSourceControl (112)
[2016.10.25-04.42.00:520][689]LogModuleManager: Shutting down and abandoning module SourceControl (111)
[2016.10.25-04.42.00:520][689]LogModuleManager: Shutting down and abandoning module GitSourceControl (110)
[2016.10.25-04.42.00:520][689]LogModuleManager: Shutting down and abandoning module LightPropagationVolumeEditor (109)
[2016.10.25-04.42.00:520][689]LogModuleManager: Shutting down and abandoning module PaperTiledImporter (108)
[2016.10.25-04.42.00:520][689]LogModuleManager: Shutting down and abandoning module PaperSpriteSheetImporter (107)
[2016.10.25-04.42.00:521][689]LogModuleManager: Shutting down and abandoning module MeshPaint (106)
[2016.10.25-04.42.00:521][689]LogModuleManager: Shutting down and abandoning module FbxAutomationBuilderModule (105)
[2016.10.25-04.42.00:521][689]LogModuleManager: Shutting down and abandoning module PixelInspectorModule (104)
[2016.10.25-04.42.00:521][689]LogModuleManager: Shutting down and abandoning module HotReload (103)
[2016.10.25-04.42.00:521][689]LogDirectoryWatcher: A directory notification for 'E:/Hevahelos/Hevahelos/Binaries/Win64' was aborted.
[2016.10.25-04.42.00:521][689]LogModuleManager: Shutting down and abandoning module MainFrame (102)
[2016.10.25-04.42.00:521][689]LogModuleManager: Shutting down and abandoning module LevelEditor (101)
[2016.10.25-04.42.00:522][689]LogModuleManager: Shutting down and abandoning module ContentBrowser (100)
[2016.10.25-04.42.00:523][689]LogModuleManager: Shutting down and abandoning module Paper2DEditor (99)
[2016.10.25-04.42.00:523][689]LogModuleManager: Shutting down and abandoning module Hevahelos (98)
[2016.10.25-04.42.00:523][689]LogModuleManager: Shutting down and abandoning module UdpMessaging (97)
[2016.10.25-04.42.00:623][689]LogModuleManager: Shutting down and abandoning module TcpMessaging (96)
[2016.10.25-04.42.00:724][689]LogModuleManager: Shutting down and abandoning module SubstanceCore (95)
[2016.10.25-04.42.00:724][689]LogModuleManager: Shutting down and abandoning module LightPropagationVolumeRuntime (94)
[2016.10.25-04.42.00:724][689]LogModuleManager: Shutting down and abandoning module Paper2D (93)
[2016.10.25-04.42.00:724][689]LogModuleManager: Shutting down and abandoning module WindowsMoviePlayer (92)
[2016.10.25-04.42.00:724][689]LogModuleManager: Shutting down and abandoning module WmfMedia (91)
[2016.10.25-04.42.00:724][689]LogModuleManager: Shutting down and abandoning module MediaAssets (90)
[2016.10.25-04.42.00:724][689]LogModuleManager: Shutting down and abandoning module GameLiveStreaming (89)
[2016.10.25-04.42.00:724][689]LogModuleManager: Shutting down and abandoning module GameplayTagsEditor (88)
[2016.10.25-04.42.00:724][689]LogModuleManager: Shutting down and abandoning module VREditor (87)
[2016.10.25-04.42.00:724][689]LogModuleManager: Shutting down and abandoning module GameplayTasksEditor (86)
[2016.10.25-04.42.00:724][689]LogModuleManager: Shutting down and abandoning module PropertyEditor (85)
[2016.10.25-04.42.00:724][689]LogModuleManager: Shutting down and abandoning module BehaviorTreeEditor (84)
[2016.10.25-04.42.00:724][689]LogModuleManager: Shutting down and abandoning module FunctionalTesting (83)
[2016.10.25-04.42.00:724][689]LogModuleManager: Shutting down and abandoning module CollisionAnalyzer (82)
[2016.10.25-04.42.00:724][689]LogModuleManager: Shutting down and abandoning module Sequencer (81)
[2016.10.25-04.42.00:724][689]LogModuleManager: Shutting down and abandoning module WorkspaceMenuStructure (80)
[2016.10.25-04.42.00:724][689]LogModuleManager: Shutting down and abandoning module MessageLog (79)
[2016.10.25-04.42.00:724][689]LogModuleManager: Shutting down and abandoning module AssetTools (78)
[2016.10.25-04.42.00:724][689]LogModuleManager: Shutting down and abandoning module UMGEditor (77)
[2016.10.25-04.42.00:724][689]LogModuleManager: Shutting down and abandoning module UMG (76)
[2016.10.25-04.42.00:724][689]LogModuleManager: Shutting down and abandoning module SlateReflector (75)
[2016.10.25-04.42.00:724][689]LogModuleManager: Shutting down and abandoning module Slate (74)
[2016.10.25-04.42.00:724][689]LogModuleManager: Shutting down and abandoning module EditorStyle (73)
[2016.10.25-04.42.00:727][689]LogModuleManager: Shutting down and abandoning module SourceCodeAccess (72)
[2016.10.25-04.42.00:727][689]LogModuleManager: Shutting down and abandoning module HeadMountedDisplay (71)
[2016.10.25-04.42.00:727][689]LogModuleManager: Shutting down and abandoning module XAudio2 (70)
[2016.10.25-04.42.00:727][689]LogModuleManager: Shutting down and abandoning module Networking (68)
[2016.10.25-04.42.00:727][689]LogModuleManager: Shutting down and abandoning module Core (67)
[2016.10.25-04.42.00:727][689]LogModuleManager: Shutting down and abandoning module DirectoryWatcher (66)
[2016.10.25-04.42.00:727][689]LogDirectoryWatcher: A directory notification for '../../../Engine/Content/' was aborted.
[2016.10.25-04.42.00:727][689]LogDirectoryWatcher: A directory notification for 'E:/Hevahelos/Hevahelos/Content/' was aborted.
[2016.10.25-04.42.00:727][689]LogDirectoryWatcher: A directory notification for '../../../Engine/Plugins/2D/Paper2D/Content/' was aborted.
[2016.10.25-04.42.00:728][689]LogModuleManager: Shutting down and abandoning module AssetRegistry (65)
[2016.10.25-04.42.01:030][689]LogModuleManager: Shutting down and abandoning module KismetCompiler (64)
[2016.10.25-04.42.01:030][689]LogModuleManager: Shutting down and abandoning module PhysXFormats (63)
[2016.10.25-04.42.01:030][689]LogModuleManager: Shutting down and abandoning module MeshUtilities (62)
[2016.10.25-04.42.01:030][689]LogModuleManager: Shutting down and abandoning module DerivedDataCache (61)
[2016.10.25-04.42.01:037][689]LogDerivedDataCache: Shutdown
[2016.10.25-04.42.01:037][689]LogModuleManager: Shutting down and abandoning module VulkanShaderFormat (60)
[2016.10.25-04.42.01:037][689]LogModuleManager: Shutting down and abandoning module ShaderFormatOpenGL (59)
[2016.10.25-04.42.01:037][689]LogModuleManager: Shutting down and abandoning module ShaderFormatD3D (58)
[2016.10.25-04.42.01:037][689]LogModuleManager: Shutting down and abandoning module MetalShaderFormat (57)
[2016.10.25-04.42.01:037][689]LogModuleManager: Shutting down and abandoning module TextureFormatUncompressed (56)
[2016.10.25-04.42.01:037][689]LogModuleManager: Shutting down and abandoning module TextureFormatPVR (55)
[2016.10.25-04.42.01:037][689]LogModuleManager: Shutting down and abandoning module TextureFormatDXT (54)
[2016.10.25-04.42.01:037][689]LogModuleManager: Shutting down and abandoning module TextureFormatIntelISPCTexComp (53)
[2016.10.25-04.42.01:038][689]LogModuleManager: Shutting down and abandoning module ImageWrapper (52)
[2016.10.25-04.42.01:038][689]LogModuleManager: Shutting down and abandoning module TextureFormatASTC (51)
[2016.10.25-04.42.01:038][689]LogModuleManager: Shutting down and abandoning module TextureFormatAndroid (50)
[2016.10.25-04.42.01:038][689]LogModuleManager: Shutting down and abandoning module AudioFormatOpus (49)
[2016.10.25-04.42.01:038][689]LogModuleManager: Shutting down and abandoning module AudioFormatOgg (48)
[2016.10.25-04.42.01:038][689]LogModuleManager: Shutting down and abandoning module AudioFormatADPCM (47)
[2016.10.25-04.42.01:038][689]LogModuleManager: Shutting down and abandoning module LinuxTargetPlatform (46)
[2016.10.25-04.42.01:038][689]LogModuleManager: Shutting down and abandoning module LinuxServerTargetPlatform (45)
[2016.10.25-04.42.01:038][689]LogModuleManager: Shutting down and abandoning module LinuxNoEditorTargetPlatform (44)
[2016.10.25-04.42.01:038][689]LogModuleManager: Shutting down and abandoning module LinuxClientTargetPlatform (43)
[2016.10.25-04.42.01:038][689]LogModuleManager: Shutting down and abandoning module TVOSTargetPlatform (42)
[2016.10.25-04.42.01:038][689]LogModuleManager: Shutting down and abandoning module Messaging (41)
[2016.10.25-04.42.01:038][689]LogModuleManager: Shutting down and abandoning module IOSTargetPlatform (40)
[2016.10.25-04.42.01:038][689]LogModuleManager: Shutting down and abandoning module HTML5TargetPlatform (39)
[2016.10.25-04.42.01:038][689]LogModuleManager: Shutting down and abandoning module Android_PVRTCTargetPlatform (38)
[2016.10.25-04.42.01:038][689]LogModuleManager: Shutting down and abandoning module Android_MultiTargetPlatform (37)
[2016.10.25-04.42.01:038][689]LogModuleManager: Shutting down and abandoning module Android_ETC2TargetPlatform (36)
[2016.10.25-04.42.01:038][689]LogModuleManager: Shutting down and abandoning module Android_ETC1TargetPlatform (35)
[2016.10.25-04.42.01:038][689]LogModuleManager: Shutting down and abandoning module Android_DXTTargetPlatform (34)
[2016.10.25-04.42.01:038][689]LogModuleManager: Shutting down and abandoning module Android_ATCTargetPlatform (33)
[2016.10.25-04.42.01:038][689]LogModuleManager: Shutting down and abandoning module Android_ASTCTargetPlatform (32)
[2016.10.25-04.42.01:038][689]LogModuleManager: Shutting down and abandoning module AndroidTargetPlatform (31)
[2016.10.25-04.42.01:038][689]LogModuleManager: Shutting down and abandoning module WindowsTargetPlatform (30)
[2016.10.25-04.42.01:038][689]LogModuleManager: Shutting down and abandoning module WindowsServerTargetPlatform (29)
[2016.10.25-04.42.01:038][689]LogModuleManager: Shutting down and abandoning module WindowsNoEditorTargetPlatform (28)
[2016.10.25-04.42.01:038][689]LogModuleManager: Shutting down and abandoning module WindowsClientTargetPlatform (27)
[2016.10.25-04.42.01:038][689]LogModuleManager: Shutting down and abandoning module AllDesktopTargetPlatform (26)
[2016.10.25-04.42.01:038][689]LogModuleManager: Shutting down and abandoning module TargetPlatform (25)
[2016.10.25-04.42.01:038][689]LogModuleManager: Shutting down and abandoning module InputCore (24)
[2016.10.25-04.42.01:038][689]LogModuleManager: Shutting down and abandoning module Settings (23)
[2016.10.25-04.42.01:038][689]LogModuleManager: Shutting down and abandoning module OculusRift (22)
[2016.10.25-04.42.01:038][689]LogModuleManager: Shutting down and abandoning module GearVR (21)
[2016.10.25-04.42.01:038][689]LogModuleManager: Shutting down and abandoning module ExampleDeviceProfileSelector (20)
[2016.10.25-04.42.01:038][689]LogModuleManager: Shutting down and abandoning module OnlineBlueprintSupport (19)
[2016.10.25-04.42.01:038][689]LogModuleManager: Shutting down and abandoning module OnlineSubsystem (17)
[2016.10.25-04.42.01:038][689]LogOnline:Display: Unloading online subsystem: NULL
[2016.10.25-04.42.01:038][689]LogModuleManager: Shutting down and abandoning module HTTP (16)
[2016.10.25-04.42.01:038][689]LogHttp:Display: Http module shutting down, but needs to wait on 1 outstanding Http requests:
[2016.10.25-04.42.01:038][689]LogHttp:Display: 	verb=[POST] url=[https://datarouter.ol.epicgames.com/datarouter/api/v1/public/data?SessionID=%7B7B0B5BD9-4E1E-1B46-D43F-2EBD3CD19FDD%7D&AppID=UEEditor.Rocket.Release&AppVersion=4.13.1-3142249%2B%2B%2BUE4%2BRelease-4.13&UserID=781cceb945285b3c2499e0b10b88101a%7C8a1e17665a0b4825aa55040582794925%7C8f2e1bf9-4e4f-47c6-95d2-2cae0d996d78&AppEnvironment=datacollector-binary&UploadType=eteventstream] status=Processing
[2016.10.25-04.42.01:068][689]LogModuleManager: Shutting down and abandoning module XMPP (15)
[2016.10.25-04.42.01:068][689]LogModuleManager: Shutting down and abandoning module TextureCompressor (14)
[2016.10.25-04.42.01:069][689]LogModuleManager: Shutting down and abandoning module ShaderCore (13)
[2016.10.25-04.42.01:069][689]LogModuleManager: Shutting down and abandoning module Landscape (12)
[2016.10.25-04.42.01:069][689]LogModuleManager: Shutting down and abandoning module SlateRHIRenderer (11)
[2016.10.25-04.42.01:069][689]LogModuleManager: Shutting down and abandoning module OpenGLDrv (10)
[2016.10.25-04.42.01:070][689]LogModuleManager: Shutting down and abandoning module D3D11RHI (9)
[2016.10.25-04.42.01:070][689]LogModuleManager: Shutting down and abandoning module AnimGraphRuntime (8)
[2016.10.25-04.42.01:070][689]LogModuleManager: Shutting down and abandoning module Renderer (7)
[2016.10.25-04.42.01:070][689]LogModuleManager: Shutting down and abandoning module Engine (6)
[2016.10.25-04.42.01:070][689]LogModuleManager: Shutting down and abandoning module CoreUObject (5)
[2016.10.25-04.42.01:070][689]LogModuleManager: Shutting down and abandoning module NetworkFile (4)
[2016.10.25-04.42.01:070][689]LogModuleManager: Shutting down and abandoning module StreamingFile (3)
[2016.10.25-04.42.01:070][689]LogModuleManager: Shutting down and abandoning module SandboxFile (2)
[2016.10.25-04.42.01:070][689]LogModuleManager: Shutting down and abandoning module PakFile (1)
[2016.10.25-04.42.01:072][689]LogExit: Exiting.
[2016.10.25-04.42.01:073][689]Log file closed, 10/24/16 21:42:01
